<?xml version="1.0" encoding="UTF-8"?>
<!-- Generated by org.testng.reporters.JUnitXMLReporter -->
<testsuite ignored="0" hostname="samarth" failures="0" tests="5" name="Test" time="50.179" errors="0" timestamp="2025-08-04T18:05:39 IST">
  <testcase classname="scripts.TestCase_04_NavigateToWishListPage" name="testNavigateToWishlistPage" time="1.971"/>
  <testcase classname="scripts.TestCase_03_NavigateViaHover" name="testNavigationViaHover" time="4.272"/>
  <testcase classname="scripts.TestCase_05_ScrollToFooter" name="textFooterText" time="2.048"/>
  <testcase classname="scripts.TestCase_02_StorePage" name="testStoreBtn" time="4.093"/>
  <testcase classname="scripts.TestCase_01_ValidSearch" name="testValidSearch" time="4.058"/>
</testsuite> <!-- Test -->
