<?xml version="1.0" encoding="UTF-8"?>
<testng-results ignored="0" total="5" passed="5" failed="0" skipped="0">
  <reporter-output>
  </reporter-output>
  <suite started-at="2025-08-04T18:04:49 IST" name="Suite" finished-at="2025-08-04T18:05:39 IST" duration-ms="50179">
    <groups>
    </groups>
    <test started-at="2025-08-04T18:04:49 IST" name="Test" finished-at="2025-08-04T18:05:39 IST" duration-ms="50179">
      <class name="scripts.TestCase_04_NavigateToWishListPage">
        <test-method is-config="true" signature="setup()[pri:0, instance:scripts.TestCase_04_NavigateToWishListPage@4d5d943d]" started-at="2025-08-04T18:04:49 IST" name="setup" finished-at="2025-08-04T18:05:00 IST" duration-ms="11233" status="PASS">
          <reporter-output>
          </reporter-output>
        </test-method> <!-- setup -->
        <test-method signature="testNavigateToWishlistPage()[pri:0, instance:scripts.TestCase_04_NavigateToWishListPage@4d5d943d]" started-at="2025-08-04T18:05:00 IST" name="testNavigateToWishlistPage" finished-at="2025-08-04T18:05:02 IST" duration-ms="1971" status="PASS">
          <reporter-output>
          </reporter-output>
        </test-method> <!-- testNavigateToWishlistPage -->
        <test-method is-config="true" signature="tearDown()[pri:0, instance:scripts.TestCase_04_NavigateToWishListPage@4d5d943d]" started-at="2025-08-04T18:05:02 IST" name="tearDown" finished-at="2025-08-04T18:05:02 IST" duration-ms="145" status="PASS">
          <reporter-output>
          </reporter-output>
        </test-method> <!-- tearDown -->
      </class> <!-- scripts.TestCase_04_NavigateToWishListPage -->
      <class name="scripts.TestCase_03_NavigateViaHover">
        <test-method is-config="true" signature="setup()[pri:0, instance:scripts.TestCase_03_NavigateViaHover@55141def]" started-at="2025-08-04T18:05:02 IST" name="setup" finished-at="2025-08-04T18:05:09 IST" duration-ms="6297" status="PASS">
          <reporter-output>
          </reporter-output>
        </test-method> <!-- setup -->
        <test-method signature="testNavigationViaHover()[pri:0, instance:scripts.TestCase_03_NavigateViaHover@55141def]" started-at="2025-08-04T18:05:09 IST" name="testNavigationViaHover" finished-at="2025-08-04T18:05:13 IST" duration-ms="4272" status="PASS">
          <reporter-output>
          </reporter-output>
        </test-method> <!-- testNavigationViaHover -->
        <test-method is-config="true" signature="tearDown()[pri:0, instance:scripts.TestCase_03_NavigateViaHover@55141def]" started-at="2025-08-04T18:05:13 IST" name="tearDown" finished-at="2025-08-04T18:05:13 IST" duration-ms="214" status="PASS">
          <reporter-output>
          </reporter-output>
        </test-method> <!-- tearDown -->
      </class> <!-- scripts.TestCase_03_NavigateViaHover -->
      <class name="scripts.TestCase_02_StorePage">
        <test-method is-config="true" signature="setup()[pri:0, instance:scripts.TestCase_02_StorePage@3270d194]" started-at="2025-08-04T18:05:20 IST" name="setup" finished-at="2025-08-04T18:05:25 IST" duration-ms="4706" status="PASS">
          <reporter-output>
          </reporter-output>
        </test-method> <!-- setup -->
        <test-method signature="testStoreBtn()[pri:0, instance:scripts.TestCase_02_StorePage@3270d194]" started-at="2025-08-04T18:05:25 IST" name="testStoreBtn" finished-at="2025-08-04T18:05:29 IST" duration-ms="4093" status="PASS">
          <reporter-output>
          </reporter-output>
        </test-method> <!-- testStoreBtn -->
        <test-method is-config="true" signature="tearDown()[pri:0, instance:scripts.TestCase_02_StorePage@3270d194]" started-at="2025-08-04T18:05:29 IST" name="tearDown" finished-at="2025-08-04T18:05:29 IST" duration-ms="207" status="PASS">
          <reporter-output>
          </reporter-output>
        </test-method> <!-- tearDown -->
      </class> <!-- scripts.TestCase_02_StorePage -->
      <class name="scripts.TestCase_05_ScrollToFooter">
        <test-method is-config="true" signature="setup()[pri:0, instance:scripts.TestCase_05_ScrollToFooter@55182842]" started-at="2025-08-04T18:05:13 IST" name="setup" finished-at="2025-08-04T18:05:18 IST" duration-ms="4520" status="PASS">
          <reporter-output>
          </reporter-output>
        </test-method> <!-- setup -->
        <test-method signature="textFooterText()[pri:0, instance:scripts.TestCase_05_ScrollToFooter@55182842]" started-at="2025-08-04T18:05:18 IST" name="textFooterText" finished-at="2025-08-04T18:05:20 IST" duration-ms="2048" status="PASS">
          <reporter-output>
          </reporter-output>
        </test-method> <!-- textFooterText -->
        <test-method is-config="true" signature="tearDown()[pri:0, instance:scripts.TestCase_05_ScrollToFooter@55182842]" started-at="2025-08-04T18:05:20 IST" name="tearDown" finished-at="2025-08-04T18:05:20 IST" duration-ms="207" status="PASS">
          <reporter-output>
          </reporter-output>
        </test-method> <!-- tearDown -->
      </class> <!-- scripts.TestCase_05_ScrollToFooter -->
      <class name="scripts.TestCase_01_ValidSearch">
        <test-method is-config="true" signature="setup()[pri:0, instance:scripts.TestCase_01_ValidSearch@235834f2]" started-at="2025-08-04T18:05:29 IST" name="setup" finished-at="2025-08-04T18:05:35 IST" duration-ms="5930" status="PASS">
          <reporter-output>
          </reporter-output>
        </test-method> <!-- setup -->
        <test-method signature="testValidSearch()[pri:0, instance:scripts.TestCase_01_ValidSearch@235834f2]" started-at="2025-08-04T18:05:35 IST" name="testValidSearch" finished-at="2025-08-04T18:05:39 IST" duration-ms="4058" status="PASS">
          <reporter-output>
          </reporter-output>
        </test-method> <!-- testValidSearch -->
        <test-method is-config="true" signature="tearDown()[pri:0, instance:scripts.TestCase_01_ValidSearch@235834f2]" started-at="2025-08-04T18:05:39 IST" name="tearDown" finished-at="2025-08-04T18:05:39 IST" duration-ms="218" status="PASS">
          <reporter-output>
          </reporter-output>
        </test-method> <!-- tearDown -->
      </class> <!-- scripts.TestCase_01_ValidSearch -->
    </test> <!-- Test -->
  </suite> <!-- Suite -->
</testng-results>
